created directory 950K-1e5-500-bo


*************************************************************
 Geant4 version Name: geant4-10-00-patch-04 [MT]   (6-March-2015)
                      Copyright : Geant4 Collaboration
                      Reference : NIM A 506 (2003), 250-303
                            WWW : http://cern.ch/geant4
*************************************************************

NeutronHP: /Elastic file for Z = 6, A = 12 is not found and NeutronHP will use /home/cxy/Research/Geant4/geant4-install-10.0/share/Geant4-10.0.4/data/G4NDL4.4/Elastic/CrossSection/6_nat_Carbon
NeutronHP: /Elastic file for Z = 6, A = 12 is not found and NeutronHP will use /home/cxy/Research/Geant4/geant4-install-10.0/share/Geant4-10.0.4/data/G4NDL4.4/Elastic/CrossSection/6_nat_Carbon
NeutronHP: /Elastic file for Z = 6, A = 13 is not found and NeutronHP will use /home/cxy/Research/Geant4/geant4-install-10.0/share/Geant4-10.0.4/data/G4NDL4.4/Elastic/CrossSection/6_nat_Carbon
NeutronHP: /Elastic file for Z = 6, A = 13 is not found and NeutronHP will use /home/cxy/Research/Geant4/geant4-install-10.0/share/Geant4-10.0.4/data/G4NDL4.4/Elastic/CrossSection/6_nat_Carbon
/home/cxy/Research/Geant4/geant4-install-10.0/share/Geant4-10.0.4/data/G4NDL4.4
NeutronHP: /Capture file for Z = 6, A = 12 is not found and NeutronHP will use /home/cxy/Research/Geant4/geant4-install-10.0/share/Geant4-10.0.4/data/G4NDL4.4/Capture/CrossSection/6_nat_Carbon
NeutronHP: /Capture file for Z = 6, A = 12 is not found and NeutronHP will use /home/cxy/Research/Geant4/geant4-install-10.0/share/Geant4-10.0.4/data/G4NDL4.4/Capture/CrossSection/6_nat_Carbon
NeutronHP: /Capture file for Z = 6, A = 13 is not found and NeutronHP will use /home/cxy/Research/Geant4/geant4-install-10.0/share/Geant4-10.0.4/data/G4NDL4.4/Capture/CrossSection/6_nat_Carbon
NeutronHP: /Capture file for Z = 6, A = 13 is not found and NeutronHP will use /home/cxy/Research/Geant4/geant4-install-10.0/share/Geant4-10.0.4/data/G4NDL4.4/Capture/CrossSection/6_nat_Carbon
NeutronHP: /Elastic file for Z = 6, A = 12 is not found and NeutronHP will use /home/cxy/Research/Geant4/geant4-install-10.0/share/Geant4-10.0.4/data/G4NDL4.4/Elastic/CrossSection/6_nat_Carbon
NeutronHP: /Elastic file for Z = 6, A = 13 is not found and NeutronHP will use /home/cxy/Research/Geant4/geant4-install-10.0/share/Geant4-10.0.4/data/G4NDL4.4/Elastic/CrossSection/6_nat_Carbon

Neutron HP Thermal Scattering Data: Following material-element pairs and/or elements are registered.


Neutron HP Thermal Scattering: Following material-element pairs or elements are registered.


Neutron HP Thermal Scattering Data: Following material-element pairs and/or elements are registered.

NeutronHP: /Capture file for Z = 6, A = 12 is not found and NeutronHP will use /home/cxy/Research/Geant4/geant4-install-10.0/share/Geant4-10.0.4/data/G4NDL4.4/Capture/CrossSection/6_nat_Carbon
NeutronHP: /Elastic file for Z = 6, A = 12 is not found and NeutronHP will use /home/cxy/Research/Geant4/geant4-install-10.0/share/Geant4-10.0.4/data/G4NDL4.4/Elastic/CrossSection/6_nat_Carbon
NeutronHP: /Inelastic file for Z = 6, A = 12 is not found and NeutronHP will use /home/cxy/Research/Geant4/geant4-install-10.0/share/Geant4-10.0.4/data/G4NDL4.4/Inelastic/CrossSection/6_nat_Carbon
NeutronHP: /Capture file for Z = 6, A = 13 is not found and NeutronHP will use /home/cxy/Research/Geant4/geant4-install-10.0/share/Geant4-10.0.4/data/G4NDL4.4/Capture/CrossSection/6_nat_Carbon
NeutronHP: /Elastic file for Z = 6, A = 13 is not found and NeutronHP will use /home/cxy/Research/Geant4/geant4-install-10.0/share/Geant4-10.0.4/data/G4NDL4.4/Elastic/CrossSection/6_nat_Carbon
NeutronHP: /Inelastic file for Z = 6, A = 13 is not found and NeutronHP will use /home/cxy/Research/Geant4/geant4-install-10.0/share/Geant4-10.0.4/data/G4NDL4.4/Inelastic/CrossSection/6_nat_Carbon

Neutron HP Thermal Scattering Data: Following material-element pairs and/or elements are registered.

